This is pdfTeX, Version 3.1415926-1.40.10 (MiKTeX 2.8) (preloaded format=pdflatex 2010.10.4)  25 FEB 2011 21:16
entering extended mode
**D:/Taff/M2/pkimobile/svn/trunk/Documents/Résumé/Description*sujet.tex
("D:/Taff/M2/pkimobile/svn/trunk/Documents/Résumé/Description sujet.tex"
LaTeX2e <2009/09/24>
Babel <v3.8l> and hyphenation patterns for english, dumylang, nohyphenation, ge
rman, ngerman, german-x-2009-06-19, ngerman-x-2009-06-19, french, loaded.
("C:\Program Files\MiKTeX 2.8\tex\latex\base\report.cls"
Document Class: report 2007/10/19 v1.4h Standard LaTeX document class
("C:\Program Files\MiKTeX 2.8\tex\latex\base\size10.clo"
File: size10.clo 2007/10/19 v1.4h Standard LaTeX file (size option)
)
\c@part=\count79
\c@chapter=\count80
\c@section=\count81
\c@subsection=\count82
\c@subsubsection=\count83
\c@paragraph=\count84
\c@subparagraph=\count85
\c@figure=\count86
\c@table=\count87
\abovecaptionskip=\skip41
\belowcaptionskip=\skip42
\bibindent=\dimen102
)
("C:\Program Files\MiKTeX 2.8\tex\latex\base\fontenc.sty"
Package: fontenc 2005/09/27 v1.99g Standard LaTeX package

("C:\Program Files\MiKTeX 2.8\tex\latex\base\t1enc.def"
File: t1enc.def 2005/09/27 v1.99g Standard LaTeX file
LaTeX Font Info:    Redeclaring font encoding T1 on input line 43.
))
("C:\Program Files\MiKTeX 2.8\tex\latex\base\inputenc.sty"
Package: inputenc 2008/03/30 v1.1d Input encoding file
\inpenc@prehook=\toks14
\inpenc@posthook=\toks15

("C:\Program Files\MiKTeX 2.8\tex\latex\base\latin1.def"
File: latin1.def 2008/03/30 v1.1d Input encoding file
))
("C:\Program Files\MiKTeX 2.8\tex\latex\psnfss\times.sty"
Package: times 2005/04/12 PSNFSS-v9.2a (SPQR) 
)
("C:\Program Files\MiKTeX 2.8\tex\latex\ltxmisc\url.sty"
\Urlmuskip=\muskip10
Package: url 2006/04/12  ver 3.3  Verb mode for urls, etc.
)
("C:\Program Files\MiKTeX 2.8\tex\latex\ltxmisc\version.sty"
Package: version 2009/09/15  v 2.0
Package version Info: Excluding comment environments declared on input line 115
.
)
("C:\Program Files\MiKTeX 2.8\tex\generic\babel\babel.sty"
Package: babel 2008/07/06 v3.8l The Babel package

*************************************
* Local config file bblopts.cfg used
*
("C:\Program Files\MiKTeX 2.8\tex\latex\00miktex\bblopts.cfg"
File: bblopts.cfg 2006/07/31 v1.0 MiKTeX 'babel' configuration
)
("C:\Program Files\MiKTeX 2.8\tex\generic\babel\frenchb.ldf"
Language: frenchb 2009/03/16 v2.3d French support from the babel system

("C:\Program Files\MiKTeX 2.8\tex\generic\babel\babel.def"
File: babel.def 2008/07/06 v3.8l Babel common definitions
\babel@savecnt=\count88
\U@D=\dimen103
)
Package babel Info: Making : an active character on input line 120.
Package babel Info: Making ; an active character on input line 121.
Package babel Info: Making ! an active character on input line 122.
Package babel Info: Making ? an active character on input line 123.
\FB@Mht=\dimen104
\std@mcc=\count89
\dec@mcc=\count90
\parindentFFN=\dimen105

*************************************
* Local config file frenchb.cfg used
*
("C:\Program Files\MiKTeX 2.8\tex\generic\babel\frenchb.cfg"))
("C:\Program Files\MiKTeX 2.8\tex\generic\babel\frenchb.ldf"
Language: frenchb 2009/03/16 v2.3d French support from the babel system
))
("C:\Program Files\MiKTeX 2.8\tex\latex\carlisle\scalefnt.sty")
("C:\Program Files\MiKTeX 2.8\tex\latex\graphics\keyval.sty"
Package: keyval 1999/03/16 v1.13 key=value parser (DPC)
\KV@toks@=\toks16
)
("C:\Program Files\MiKTeX 2.8\tex\latex\graphics\graphicx.sty"
Package: graphicx 1999/02/16 v1.0f Enhanced LaTeX Graphics (DPC,SPQR)

("C:\Program Files\MiKTeX 2.8\tex\latex\graphics\graphics.sty"
Package: graphics 2009/02/05 v1.0o Standard LaTeX Graphics (DPC,SPQR)

("C:\Program Files\MiKTeX 2.8\tex\latex\graphics\trig.sty"
Package: trig 1999/03/16 v1.09 sin cos tan (DPC)
)
("C:\Program Files\MiKTeX 2.8\tex\latex\00miktex\graphics.cfg"
File: graphics.cfg 2007/01/18 v1.5 graphics configuration of teTeX/TeXLive
)
Package graphics Info: Driver file: pdftex.def on input line 91.

("C:\Program Files\MiKTeX 2.8\tex\latex\pdftex-def\pdftex.def"
File: pdftex.def 2010/02/14 v0.04n Graphics/color for pdfTeX
\Gread@gobject=\count91
))
\Gin@req@height=\dimen106
\Gin@req@width=\dimen107
)
("C:\Program Files\MiKTeX 2.8\tex\latex\float\float.sty"
Package: float 2001/11/08 v1.3d Float enhancements (AL)
\c@float@type=\count92
\float@exts=\toks17
\float@box=\box26
\@float@everytoks=\toks18
\@floatcapt=\box27
)
(D:\Taff\M2\pkimobile\svn\trunk\Documents\Résumé\prettyref.sty
Package: prettyref 1998/07/09 v3.0
)
\c@algorithm=\count93

("D:\Taff\M2\pkimobile\svn\trunk\Documents\Résumé\Description sujet.aux")
LaTeX Font Info:    Checking defaults for OML/cmm/m/it on input line 21.
LaTeX Font Info:    ... okay on input line 21.
LaTeX Font Info:    Checking defaults for T1/cmr/m/n on input line 21.
LaTeX Font Info:    ... okay on input line 21.
LaTeX Font Info:    Checking defaults for OT1/cmr/m/n on input line 21.
LaTeX Font Info:    ... okay on input line 21.
LaTeX Font Info:    Checking defaults for OMS/cmsy/m/n on input line 21.
LaTeX Font Info:    ... okay on input line 21.
LaTeX Font Info:    Checking defaults for OMX/cmex/m/n on input line 21.
LaTeX Font Info:    ... okay on input line 21.
LaTeX Font Info:    Checking defaults for U/cmr/m/n on input line 21.
LaTeX Font Info:    ... okay on input line 21.
LaTeX Font Info:    Try loading font information for T1+ptm on input line 21.

("C:\Program Files\MiKTeX 2.8\tex\latex\psnfss\t1ptm.fd"
File: t1ptm.fd 2001/06/04 font definitions for T1/ptm.
)
LaTeX Info: Redefining \degres on input line 21.
LaTeX Info: Redefining \dots on input line 21.
LaTeX Info: Redefining \up on input line 21.

("C:\Program Files\MiKTeX 2.8\tex\context\base\supp-pdf.tex"
[Loading MPS to PDF converter (version 2006.09.02).]
\scratchcounter=\count94
\scratchdimen=\dimen108
\scratchbox=\box28
\nofMPsegments=\count95
\nofMParguments=\count96
\everyMPshowfont=\toks19
\MPscratchCnt=\count97
\MPscratchDim=\dimen109
\MPnumerator=\count98
\everyMPtoPDFconversion=\toks20
)
LaTeX Font Info:    External font `cmex10' loaded for size
(Font)              <12> on input line 25.
LaTeX Font Info:    External font `cmex10' loaded for size
(Font)              <8> on input line 25.
LaTeX Font Info:    External font `cmex10' loaded for size
(Font)              <6> on input line 25.
 [1

{C:/ProgramData/MiKTeX/2.8/pdftex/config/pdftex.map}]
LaTeX Font Info:    Font shape `T1/ptm/bx/n' in size <24.88> not available
(Font)              Font shape `T1/ptm/b/n' tried instead on input line 29.

("D:\Taff\M2\pkimobile\svn\trunk\Documents\Résumé\Description sujet.toc"
LaTeX Font Info:    Font shape `T1/ptm/bx/n' in size <10> not available
(Font)              Font shape `T1/ptm/b/n' tried instead on input line 2.
LaTeX Font Info:    External font `cmex10' loaded for size
(Font)              <7> on input line 3.
LaTeX Font Info:    External font `cmex10' loaded for size
(Font)              <5> on input line 3.
)
\tf@toc=\write3

[1


]
! Missing number, treated as zero.
<to be read again> 
                   \setbox 
l.36 \textbf{Mots-clés :}
                          PKI, Kerberos, Android, mobile, mise en oeuvre, dé...
A number should have been here; I inserted `0'.
(If you can't figure out why I needed to see a number,
look up `weird error' in the index to The TeXbook.)

! Illegal unit of measure (pt inserted).
<to be read again> 
                   \setbox 
l.36 \textbf{Mots-clés :}
                          PKI, Kerberos, Android, mobile, mise en oeuvre, dé...
Dimensions can be in units of em, ex, in, pt, pc,
cm, mm, dd, cc, nd, nc, bp, or sp; but yours is a new one!
I'll assume that you meant to say pt, for printer's points.
To recover gracefully from this error, it's best to
delete the erroneous units; e.g., type `2' to delete
two letters. (See Chapter 27 of The TeXbook.)

! Missing number, treated as zero.
<to be read again> 
                   \setbox 
l.37 \end{abstract}
                   
A number should have been here; I inserted `0'.
(If you can't figure out why I needed to see a number,
look up `weird error' in the index to The TeXbook.)

! Illegal unit of measure (pt inserted).
<to be read again> 
                   \setbox 
l.37 \end{abstract}
                   
Dimensions can be in units of em, ex, in, pt, pc,
cm, mm, dd, cc, nd, nc, bp, or sp; but yours is a new one!
I'll assume that you meant to say pt, for printer's points.
To recover gracefully from this error, it's best to
delete the erroneous units; e.g., type `2' to delete
two letters. (See Chapter 27 of The TeXbook.)

! Missing number, treated as zero.
<to be read again> 
                   \setbox 
l.37 \end{abstract}
                   
A number should have been here; I inserted `0'.
(If you can't figure out why I needed to see a number,
look up `weird error' in the index to The TeXbook.)

! Illegal unit of measure (pt inserted).
<to be read again> 
                   \setbox 
l.37 \end{abstract}
                   
Dimensions can be in units of em, ex, in, pt, pc,
cm, mm, dd, cc, nd, nc, bp, or sp; but yours is a new one!
I'll assume that you meant to say pt, for printer's points.
To recover gracefully from this error, it's best to
delete the erroneous units; e.g., type `2' to delete
two letters. (See Chapter 27 of The TeXbook.)

[1]
Chapitre 1.
LaTeX Font Info:    Font shape `T1/ptm/bx/n' in size <20.74> not available
(Font)              Font shape `T1/ptm/b/n' tried instead on input line 39.
LaTeX Font Info:    Font shape `T1/ptm/bx/n' in size <14.4> not available
(Font)              Font shape `T1/ptm/b/n' tried instead on input line 41.
LaTeX Font Info:    Font shape `T1/ptm/bx/n' in size <12> not available
(Font)              Font shape `T1/ptm/b/n' tried instead on input line 47.
<images/1.jpg, id=13, 709.65125pt x 480.79625pt>
File: images/1.jpg Graphic file (type jpg)
 <use images/1.jpg> [1

]
<images/2.jpg, id=17, 1028.84375pt x 233.87375pt>
File: images/2.jpg Graphic file (type jpg)
 <use images/2.jpg>
<images/3.jpg, id=18, 560.0925pt x 388.45125pt>
File: images/3.jpg Graphic file (type jpg)
 <use images/3.jpg> [2 <D:/Taff/M2/pkimobile/svn/trunk/Documents/Résumé/images/
1.jpg> <D:/Taff/M2/pkimobile/svn/trunk/Documents/Résumé/images/2.jpg>]
<images/4.jpg, id=22, 684.5575pt x 272.01625pt>
File: images/4.jpg Graphic file (type jpg)
 <use images/4.jpg> [3 <D:/Taff/M2/pkimobile/svn/trunk/Documents/Résumé/images/
3.jpg>]
<images/5.jpg, id=26, 698.61pt x 532.99126pt>
File: images/5.jpg Graphic file (type jpg)
 <use images/5.jpg> [4 <D:/Taff/M2/pkimobile/svn/trunk/Documents/Résumé/images/
4.jpg> <D:/Taff/M2/pkimobile/svn/trunk/Documents/Résumé/images/5.jpg>] [5]
Chapitre 2.
<images/6.jpg, id=34, 330.23375pt x 494.84875pt>
File: images/6.jpg Graphic file (type jpg)
 <use images/6.jpg> [6

 <D:/Taff/M2/pkimobile/svn/trunk/Documents/Résumé/images/6.jpg>] [7] [8]
<images/fb-20110225-203942.png, id=44, 803.0pt x 481.8pt>
File: images/fb-20110225-203942.png Graphic file (type png)

<use images/fb-20110225-203942.png> [9]
<images/sendcle.JPG, id=49, 274.02374pt x 117.43875pt>
File: images/sendcle.JPG Graphic file (type jpg)

<use images/sendcle.JPG>
<images/fb-20110225-203959.png, id=50, 803.0pt x 481.8pt>
File: images/fb-20110225-203959.png Graphic file (type png)

<use images/fb-20110225-203959.png> [10 <D:/Taff/M2/pkimobile/svn/trunk/Documen
ts/Résumé/images/fb-20110225-203942.png> <D:/Taff/M2/pkimobile/svn/trunk/Docume
nts/Résumé/images/sendcle.JPG>]
<images/verif.JPG, id=56, 365.11406pt x 91.09032pt>
File: images/verif.JPG Graphic file (type jpg)
 <use images/verif.JPG>
Underfull \hbox (badness 10000) in paragraph at lines 205--213

 []

[11 <D:/Taff/M2/pkimobile/svn/trunk/Documents/Résumé/images/fb-20110225-203959.
png> <D:/Taff/M2/pkimobile/svn/trunk/Documents/Résumé/images/verif.JPG>]
<images/tablecomparaison.jpg, id=61, 619.56468pt x 299.61937pt>
File: images/tablecomparaison.jpg Graphic file (type jpg)

<use images/tablecomparaison.jpg>
<images/graphique.PNG, id=62, 787.44188pt x 493.845pt>
File: images/graphique.PNG Graphic file (type png)

<use images/graphique.PNG> [12 <D:/Taff/M2/pkimobile/svn/trunk/Documents/Résumé
/images/tablecomparaison.jpg>]
<images/stat2.jpg, id=66, 609.02531pt x 371.13657pt>
File: images/stat2.jpg Graphic file (type jpg)
 <use images/stat2.jpg>
[13 <D:/Taff/M2/pkimobile/svn/trunk/Documents/Résumé/images/graphique.PNG>]
<images/stat3.jpg, id=71, 563.10374pt x 373.395pt>
File: images/stat3.jpg Graphic file (type jpg)
 <use images/stat3.jpg>
[14 <D:/Taff/M2/pkimobile/svn/trunk/Documents/Résumé/images/stat2.jpg>]
Underfull \hbox (badness 10000) in paragraph at lines 275--278

 []


Underfull \hbox (badness 10000) in paragraph at lines 275--278

 []

[15 <D:/Taff/M2/pkimobile/svn/trunk/Documents/Résumé/images/stat3.jpg>]
Underfull \hbox (badness 10000) in paragraph at lines 279--282

 []


Underfull \hbox (badness 10000) in paragraph at lines 279--282

 []


Underfull \hbox (badness 10000) in paragraph at lines 283--287

 []


Underfull \hbox (badness 10000) in paragraph at lines 283--287

 []


Underfull \hbox (badness 10000) in paragraph at lines 288--295

 []


Underfull \hbox (badness 10000) in paragraph at lines 288--295

 []


Underfull \hbox (badness 10000) in paragraph at lines 288--295

 []


Underfull \hbox (badness 10000) in paragraph at lines 296--299

 []


Underfull \hbox (badness 10000) in paragraph at lines 296--299

 []

[16]
Underfull \hbox (badness 10000) in paragraph at lines 300--307

 []

[17]
Chapitre 3.

Underfull \hbox (badness 10000) in paragraph at lines 310--316

 []


Underfull \hbox (badness 10000) in paragraph at lines 310--316

 []


Underfull \hbox (badness 10000) in paragraph at lines 310--316

 []

("D:\Taff\M2\pkimobile\svn\trunk\Documents\Résumé\Description sujet.bbl"
[18

]) [19

]
("D:\Taff\M2\pkimobile\svn\trunk\Documents\Résumé\Description sujet.aux") ) 
Here is how much of TeX's memory you used:
 2179 strings out of 495285
 28507 string characters out of 3180385
 85082 words of memory out of 3000000
 5340 multiletter control sequences out of 15000+200000
 42316 words of font info for 47 fonts, out of 3000000 for 9000
 14 hyphenation exceptions out of 8191
 25i,6n,24p,1665b,219s stack positions out of 5000i,500n,10000p,200000b,50000s
{C:/
Program Files/MiKTeX 2.8/fonts/enc/dvips/fontname/8r.enc}<C:/Program Files/MiKT
eX 2.8/fonts/type1/urw/times/utmb8a.pfb><C:/Program Files/MiKTeX 2.8/fonts/type
1/urw/times/utmr8a.pfb><C:/Program Files/MiKTeX 2.8/fonts/type1/urw/times/utmri
8a.pfb>
Output written on "Description sujet.pdf" (22 pages, 957882 bytes).
PDF statistics:
 104 PDF objects out of 1000 (max. 8388607)
 0 named destinations out of 1000 (max. 500000)
 71 words of extra memory for PDF output out of 10000 (max. 10000000)

